<?xml version="1.0" encoding="UTF-8"?>
<!-- Generated by org.testng.reporters.JUnitReportReporter -->
<testsuite hostname="LAPTOP-98EDT7F7" name="learningTestng1.testNG" tests="1" failures="0" timestamp="14 Sep 2021 00:09:14 GMT" time="10.549" errors="0">
  <testcase name="beforeSuite" time="10.549" classname="learningTestng1.testNG"/>
</testsuite> <!-- learningTestng1.testNG -->
