<?xml version="1.0" encoding="UTF-8"?>
<!-- Generated by org.testng.reporters.JUnitReportReporter -->
<testsuite hostname="LAPTOP-98EDT7F7" name="sauseDemoTest.basicNG" tests="2" failures="0" timestamp="3 Oct 2021 18:01:02 GMT" time="0.014" errors="0">
  <testcase name="loginTest" time="0.011" classname="sauseDemoTest.basicNG"/>
  <testcase name="SignupTest" time="0.003" classname="sauseDemoTest.basicNG"/>
</testsuite> <!-- sauseDemoTest.basicNG -->
