<?xml version="1.0" encoding="UTF-8"?>
<!-- Generated by org.testng.reporters.JUnitReportReporter -->
<testsuite hostname="LAPTOP-98EDT7F7" name="testngAnik.sauceDemoNGV2" tests="3" failures="0" timestamp="19 Sep 2021 04:19:51 GMT" time="3.260" errors="0">
  <testcase name="loginElementValidation" time="0.495" classname="testngAnik.sauceDemoNGV2"/>
  <testcase name="positive_login_Valoidation" time="1.635" classname="testngAnik.sauceDemoNGV2"/>
  <testcase name="negative_login_validation" time="1.130" classname="testngAnik.sauceDemoNGV2"/>
</testsuite> <!-- testngAnik.sauceDemoNGV2 -->
