<?xml version="1.0" encoding="UTF-8"?>
<!-- Generated by org.testng.reporters.JUnitReportReporter -->
<testsuite hostname="LAPTOP-98EDT7F7" name="testngAnik.sauceDemoNG" tests="3" failures="0" timestamp="18 Sep 2021 23:37:36 GMT" time="0.895" errors="0">
  <testcase name="negative_login_validation" time="0.304" classname="testngAnik.sauceDemoNG"/>
  <testcase name="positive_login_Valoidation" time="0.365" classname="testngAnik.sauceDemoNG"/>
  <testcase name="loginElementValidation" time="0.226" classname="testngAnik.sauceDemoNG"/>
</testsuite> <!-- testngAnik.sauceDemoNG -->
