<?xml version="1.0" encoding="UTF-8"?>
<!-- Generated by org.testng.reporters.JUnitReportReporter -->
<testsuite hostname="LAPTOP-98EDT7F7" name="testngAnik.basicNG" tests="2" failures="0" timestamp="19 Sep 2021 02:25:53 GMT" time="0.006" errors="0">
  <testcase name="loginTest" time="0.005" classname="testngAnik.basicNG"/>
  <testcase name="SignupTest" time="0.001" classname="testngAnik.basicNG"/>
</testsuite> <!-- testngAnik.basicNG -->
